0 info it worked if it ends with ok
1 verbose cli [ 'C:\\Program Files\\nodejs\\\\node.exe',
1 verbose cli   'C:\\Users\\Administrator\\AppData\\Roaming\\npm\\node_modules\\npm\\bin\\npm-cli.js',
1 verbose cli   'run',
1 verbose cli   'compile' ]
2 info using npm@2.15.1
3 info using node@v0.10.46
4 verbose run-script [ 'precompile', 'compile', 'postcompile' ]
5 info precompile appdynamics-node-native-agent@1.0.0
6 info compile appdynamics-node-native-agent@1.0.0
7 verbose unsafe-perm in lifecycle true
8 info appdynamics-node-native-agent@1.0.0 Failed to exec compile script
9 verbose stack Error: appdynamics-node-native-agent@1.0.0 compile: `node-gyp rebuild`
9 verbose stack Exit status 1
9 verbose stack     at EventEmitter.<anonymous> (C:\Users\Administrator\AppData\Roaming\npm\node_modules\npm\lib\utils\lifecycle.js:217:16)
9 verbose stack     at EventEmitter.emit (events.js:98:17)
9 verbose stack     at ChildProcess.<anonymous> (C:\Users\Administrator\AppData\Roaming\npm\node_modules\npm\lib\utils\spawn.js:24:14)
9 verbose stack     at ChildProcess.emit (events.js:98:17)
9 verbose stack     at maybeClose (child_process.js:766:16)
9 verbose stack     at Process.ChildProcess._handle.onexit (child_process.js:833:5)
10 verbose pkgid appdynamics-node-native-agent@1.0.0
11 verbose cwd C:\project\node\appdynamics-node-native-wrapper
12 error Windows_NT 6.1.7601
13 error argv "C:\\Program Files\\nodejs\\\\node.exe" "C:\\Users\\Administrator\\AppData\\Roaming\\npm\\node_modules\\npm\\bin\\npm-cli.js" "run" "compile"
14 error node v0.10.46
15 error npm  v2.15.1
16 error code ELIFECYCLE
17 error appdynamics-node-native-agent@1.0.0 compile: `node-gyp rebuild`
17 error Exit status 1
18 error Failed at the appdynamics-node-native-agent@1.0.0 compile script 'node-gyp rebuild'.
18 error This is most likely a problem with the appdynamics-node-native-agent package,
18 error not with npm itself.
18 error Tell the author that this fails on your system:
18 error     node-gyp rebuild
18 error You can get information on how to open an issue for this project with:
18 error     npm bugs appdynamics-node-native-agent
18 error Or if that isn't available, you can get their info via:
18 error
18 error     npm owner ls appdynamics-node-native-agent
18 error There is likely additional logging output above.
19 verbose exit [ 1, true ]
